<?xml version="1.0" encoding="UTF-8"?>
<testsuite name="hello.typeconverter.formatter.FormattingConversionServiceTest" tests="1" skipped="0" failures="0" errors="0" timestamp="2024-10-19T04:47:04" hostname="yeomseonghyeon-ui-MacBookAir.local" time="0.08">
  <properties/>
  <testcase name="formattingConversionService()" classname="hello.typeconverter.formatter.FormattingConversionServiceTest" time="0.08"/>
  <system-out><![CDATA[13:47:04.819 [Test worker] INFO hello.typeconverter.converter.StringToIpPortConverter -- convert source=127.0.0.1:8080
13:47:04.841 [Test worker] INFO hello.typeconverter.formatter.MyNumberFormatter -- object=1000, locale=ko_KR
13:47:04.843 [Test worker] INFO hello.typeconverter.formatter.MyNumberFormatter -- text=1,000, locale=ko_KR
]]></system-out>
  <system-err><![CDATA[]]></system-err>
</testsuite>
