<?xml version="1.0" encoding="UTF-8"?>
<testsuite name="hello.itemservice.message.MessageSourceTest" tests="1" skipped="0" failures="0" errors="0" timestamp="2024-10-04T06:49:24" hostname="yeomseonghyeon-ui-MacBookAir.local" time="0.566">
  <properties/>
  <testcase name="defaultLang()" classname="hello.itemservice.message.MessageSourceTest" time="0.566"/>
  <system-out><![CDATA[15:49:23.265 [Test worker] INFO org.springframework.test.context.support.AnnotationConfigContextLoaderUtils -- Could not detect default configuration classes for test class [hello.itemservice.message.MessageSourceTest]: MessageSourceTest does not declare any static, non-private, non-final, nested classes annotated with @Configuration.
15:49:23.308 [Test worker] INFO org.springframework.boot.test.context.SpringBootTestContextBootstrapper -- Found @SpringBootConfiguration hello.itemservice.ItemServiceApplication for test class hello.itemservice.message.MessageSourceTest

  .   ____          _            __ _ _
 /\\ / ___'_ __ _ _(_)_ __  __ _ \ \ \ \
( ( )\___ | '_ | '_| | '_ \/ _` | \ \ \ \
 \\/  ___)| |_)| | | | | || (_| |  ) ) ) )
  '  |____| .__|_| |_|_| |_\__, | / / / /
 =========|_|==============|___/=/_/_/_/

 :: Spring Boot ::                (v3.3.4)

2024-10-04T15:49:23.470+09:00  INFO 13764 --- [    Test worker] h.itemservice.message.MessageSourceTest  : Starting MessageSourceTest using Java 21.0.4 with PID 13764 (started by yummongi in /Users/yummongi/Desktop/study/inflearn/spring-mvc-2/spring-mvc-2/message)
2024-10-04T15:49:23.470+09:00  INFO 13764 --- [    Test worker] h.itemservice.message.MessageSourceTest  : No active profile set, falling back to 1 default profile: "default"
2024-10-04T15:49:23.915+09:00  INFO 13764 --- [    Test worker] o.s.b.a.w.s.WelcomePageHandlerMapping    : Adding welcome page: class path resource [static/index.html]
2024-10-04T15:49:24.070+09:00  INFO 13764 --- [    Test worker] h.itemservice.message.MessageSourceTest  : Started MessageSourceTest in 0.696 seconds (process running for 1.206)
]]></system-out>
  <system-err><![CDATA[WARNING: A Java agent has been loaded dynamically (/Users/yummongi/.gradle/caches/modules-2/files-2.1/net.bytebuddy/byte-buddy-agent/1.14.19/154da3a65b4f4a909d3e5bdec55d1b2b4cbb6ce1/byte-buddy-agent-1.14.19.jar)
WARNING: If a serviceability tool is in use, please run with -XX:+EnableDynamicAgentLoading to hide this warning
WARNING: If a serviceability tool is not in use, please run with -Djdk.instrument.traceUsage for more information
WARNING: Dynamic loading of agents will be disallowed by default in a future release
]]></system-err>
</testsuite>
